2024-09-15 12:51:29,634 INFO: Document Retrieval startup [in /Users/vivek/Library/CloudStorage/OneDrive-vit.ac.in/Placements/Submissions/Trademarkia/document-retrieval-system/app/main.py:24]
2024-09-15 12:51:59,020 INFO: Document Retrieval startup [in /Users/vivek/Library/CloudStorage/OneDrive-vit.ac.in/Placements/Submissions/Trademarkia/document-retrieval-system/app/main.py:24]
2024-09-15 12:54:22,614 INFO: Document Retrieval startup [in /Users/vivek/Library/CloudStorage/OneDrive-vit.ac.in/Placements/Submissions/Trademarkia/document-retrieval-system/app/main.py:24]
2024-09-15 12:54:34,668 INFO: Document Retrieval startup [in /Users/vivek/Library/CloudStorage/OneDrive-vit.ac.in/Placements/Submissions/Trademarkia/document-retrieval-system/app/main.py:24]
2024-09-15 12:54:35,866 INFO: Document Retrieval startup [in /Users/vivek/Library/CloudStorage/OneDrive-vit.ac.in/Placements/Submissions/Trademarkia/document-retrieval-system/app/main.py:24]
2024-09-15 13:01:16,537 INFO: Document Retrieval startup [in /Users/vivek/Library/CloudStorage/OneDrive-vit.ac.in/Placements/Submissions/Trademarkia/document-retrieval-system/app/main.py:24]
2024-09-15 13:01:17,742 INFO: Document Retrieval startup [in /Users/vivek/Library/CloudStorage/OneDrive-vit.ac.in/Placements/Submissions/Trademarkia/document-retrieval-system/app/main.py:24]
2024-09-15 13:01:33,722 INFO: Document Retrieval startup [in /Users/vivek/Library/CloudStorage/OneDrive-vit.ac.in/Placements/Submissions/Trademarkia/document-retrieval-system/app/main.py:24]
2024-09-15 13:01:34,916 INFO: Document Retrieval startup [in /Users/vivek/Library/CloudStorage/OneDrive-vit.ac.in/Placements/Submissions/Trademarkia/document-retrieval-system/app/main.py:24]
2024-09-15 13:06:00,016 INFO: Document Retrieval startup [in /Users/vivek/Library/CloudStorage/OneDrive-vit.ac.in/Placements/Submissions/Trademarkia/document-retrieval-system/app/main.py:24]
2024-09-15 13:11:55,592 INFO: Document Retrieval startup [in /Users/vivek/Library/CloudStorage/OneDrive-vit.ac.in/Placements/Submissions/Trademarkia/document-retrieval-system/app/main.py:24]
2024-09-15 13:13:37,855 INFO: Document Retrieval startup [in /Users/vivek/Library/CloudStorage/OneDrive-vit.ac.in/Placements/Submissions/Trademarkia/document-retrieval-system/app/main.py:24]
2024-09-15 13:14:09,335 INFO: Document Retrieval startup [in /Users/vivek/Library/CloudStorage/OneDrive-vit.ac.in/Placements/Submissions/Trademarkia/document-retrieval-system/app/main.py:24]
2024-09-15 13:14:58,911 INFO: Document Retrieval startup [in /Users/vivek/Library/CloudStorage/OneDrive-vit.ac.in/Placements/Submissions/Trademarkia/document-retrieval-system/app/main.py:24]
2024-09-15 13:15:46,848 INFO: Document Retrieval startup [in /Users/vivek/Library/CloudStorage/OneDrive-vit.ac.in/Placements/Submissions/Trademarkia/document-retrieval-system/app/main.py:24]
2024-09-15 13:15:48,180 INFO: Document Retrieval startup [in /Users/vivek/Library/CloudStorage/OneDrive-vit.ac.in/Placements/Submissions/Trademarkia/document-retrieval-system/app/main.py:24]
2024-09-15 13:26:35,421 INFO: Document Retrieval startup [in /Users/vivek/Library/CloudStorage/OneDrive-vit.ac.in/Placements/Submissions/Trademarkia/document-retrieval-system/app/main.py:24]
2024-09-15 13:26:43,622 INFO: Document Retrieval startup [in /Users/vivek/Library/CloudStorage/OneDrive-vit.ac.in/Placements/Submissions/Trademarkia/document-retrieval-system/app/main.py:24]
2024-09-15 13:27:29,668 INFO: Document Retrieval startup [in /Users/vivek/Library/CloudStorage/OneDrive-vit.ac.in/Placements/Submissions/Trademarkia/document-retrieval-system/app/main.py:24]
2024-09-15 13:30:06,284 INFO: Document Retrieval startup [in /Users/vivek/Library/CloudStorage/OneDrive-vit.ac.in/Placements/Submissions/Trademarkia/document-retrieval-system/app/main.py:24]
2024-09-15 13:30:34,668 INFO: Document Retrieval startup [in /Users/vivek/Library/CloudStorage/OneDrive-vit.ac.in/Placements/Submissions/Trademarkia/document-retrieval-system/app/main.py:24]
2024-09-15 13:32:55,475 INFO: Document Retrieval startup [in /Users/vivek/Library/CloudStorage/OneDrive-vit.ac.in/Placements/Submissions/Trademarkia/document-retrieval-system/app/main.py:24]
2024-09-15 13:33:02,853 INFO: Document Retrieval startup [in /Users/vivek/Library/CloudStorage/OneDrive-vit.ac.in/Placements/Submissions/Trademarkia/document-retrieval-system/app/main.py:24]
2024-09-15 13:35:31,761 INFO: Document Retrieval startup [in /Users/vivek/Library/CloudStorage/OneDrive-vit.ac.in/Placements/Submissions/Trademarkia/document-retrieval-system/app/main.py:24]
2024-09-15 13:40:52,881 INFO: Document Retrieval startup [in /Users/vivek/Library/CloudStorage/OneDrive-vit.ac.in/Placements/Submissions/Trademarkia/document-retrieval-system/app/main.py:24]
2024-09-15 13:41:00,305 INFO: Document Retrieval startup [in /Users/vivek/Library/CloudStorage/OneDrive-vit.ac.in/Placements/Submissions/Trademarkia/document-retrieval-system/app/main.py:24]
2024-09-15 13:41:40,774 INFO: Document Retrieval startup [in /Users/vivek/Library/CloudStorage/OneDrive-vit.ac.in/Placements/Submissions/Trademarkia/document-retrieval-system/app/main.py:24]
2024-09-15 13:44:51,509 INFO: Search request received for user test_user_1 [in /Users/vivek/Library/CloudStorage/OneDrive-vit.ac.in/Placements/Submissions/Trademarkia/document-retrieval-system/app/api/routes.py:27]
2024-09-15 13:44:51,617 ERROR: An error occurred during search: 'Flask' object has no attribute 'redis' [in /Users/vivek/Library/CloudStorage/OneDrive-vit.ac.in/Placements/Submissions/Trademarkia/document-retrieval-system/app/api/routes.py:51]
Traceback (most recent call last):
  File "/Users/vivek/Library/CloudStorage/OneDrive-vit.ac.in/Placements/Submissions/Trademarkia/document-retrieval-system/app/api/routes.py", line 37, in search
    results = search_documents(query, top_k, threshold)
              ^^^^^^^^^^^^^^^^^^^^^^^^^^^^^^^^^^^^^^^^^
  File "/Users/vivek/Library/CloudStorage/OneDrive-vit.ac.in/Placements/Submissions/Trademarkia/document-retrieval-system/app/services/search_service.py", line 10, in search_documents
    cached_results = current_app.redis.get(cache_key)
                     ^^^^^^^^^^^^^^^^^
AttributeError: 'Flask' object has no attribute 'redis'
2024-09-15 13:45:00,335 INFO: Search request received for user test_user_1 [in /Users/vivek/Library/CloudStorage/OneDrive-vit.ac.in/Placements/Submissions/Trademarkia/document-retrieval-system/app/api/routes.py:27]
2024-09-15 13:45:00,441 ERROR: An error occurred during search: 'Flask' object has no attribute 'redis' [in /Users/vivek/Library/CloudStorage/OneDrive-vit.ac.in/Placements/Submissions/Trademarkia/document-retrieval-system/app/api/routes.py:51]
Traceback (most recent call last):
  File "/Users/vivek/Library/CloudStorage/OneDrive-vit.ac.in/Placements/Submissions/Trademarkia/document-retrieval-system/app/api/routes.py", line 37, in search
    results = search_documents(query, top_k, threshold)
              ^^^^^^^^^^^^^^^^^^^^^^^^^^^^^^^^^^^^^^^^^
  File "/Users/vivek/Library/CloudStorage/OneDrive-vit.ac.in/Placements/Submissions/Trademarkia/document-retrieval-system/app/services/search_service.py", line 10, in search_documents
    cached_results = current_app.redis.get(cache_key)
                     ^^^^^^^^^^^^^^^^^
AttributeError: 'Flask' object has no attribute 'redis'
2024-09-15 13:47:38,813 INFO: Document Retrieval startup [in /Users/vivek/Library/CloudStorage/OneDrive-vit.ac.in/Placements/Submissions/Trademarkia/document-retrieval-system/app/main.py:24]
2024-09-15 13:47:56,186 INFO: Document Retrieval startup [in /Users/vivek/Library/CloudStorage/OneDrive-vit.ac.in/Placements/Submissions/Trademarkia/document-retrieval-system/app/main.py:24]
2024-09-15 13:48:05,722 INFO: Document Retrieval startup [in /Users/vivek/Library/CloudStorage/OneDrive-vit.ac.in/Placements/Submissions/Trademarkia/document-retrieval-system/app/main.py:24]
2024-09-15 13:48:34,003 INFO: Document Retrieval startup [in /Users/vivek/Library/CloudStorage/OneDrive-vit.ac.in/Placements/Submissions/Trademarkia/document-retrieval-system/app/main.py:24]
2024-09-15 13:51:17,459 INFO: Document Retrieval startup [in /Users/vivek/Library/CloudStorage/OneDrive-vit.ac.in/Placements/Submissions/Trademarkia/document-retrieval-system/app/main.py:24]
2024-09-15 13:51:41,624 INFO: Document Retrieval startup [in /Users/vivek/Library/CloudStorage/OneDrive-vit.ac.in/Placements/Submissions/Trademarkia/document-retrieval-system/app/main.py:24]
2024-09-15 13:52:00,209 INFO: Document Retrieval startup [in /Users/vivek/Library/CloudStorage/OneDrive-vit.ac.in/Placements/Submissions/Trademarkia/document-retrieval-system/app/main.py:24]
2024-09-15 13:52:38,925 INFO: Document Retrieval startup [in /Users/vivek/Library/CloudStorage/OneDrive-vit.ac.in/Placements/Submissions/Trademarkia/document-retrieval-system/app/main.py:24]
2024-09-15 14:06:47,925 INFO: Document Retrieval startup [in /Users/vivek/Library/CloudStorage/OneDrive-vit.ac.in/Placements/Submissions/Trademarkia/document-retrieval-system/app/main.py:24]
2024-09-15 14:07:53,617 INFO: Document Retrieval startup [in /Users/vivek/Library/CloudStorage/OneDrive-vit.ac.in/Placements/Submissions/Trademarkia/document-retrieval-system/app/main.py:24]
2024-09-15 14:08:03,546 INFO: Document Retrieval startup [in /Users/vivek/Library/CloudStorage/OneDrive-vit.ac.in/Placements/Submissions/Trademarkia/document-retrieval-system/app/main.py:24]
2024-09-15 14:12:55,018 INFO: Document Retrieval startup [in /Users/vivek/Library/CloudStorage/OneDrive-vit.ac.in/Placements/Submissions/Trademarkia/document-retrieval-system/app/main.py:24]
2024-09-15 14:14:04,073 INFO: Document Retrieval startup [in /Users/vivek/Library/CloudStorage/OneDrive-vit.ac.in/Placements/Submissions/Trademarkia/document-retrieval-system/app/main.py:24]
2024-09-15 14:16:17,476 INFO: Document Retrieval startup [in /Users/vivek/Library/CloudStorage/OneDrive-vit.ac.in/Placements/Submissions/Trademarkia/document-retrieval-system/app/main.py:24]
2024-09-15 14:16:46,039 INFO: Document Retrieval startup [in /Users/vivek/Library/CloudStorage/OneDrive-vit.ac.in/Placements/Submissions/Trademarkia/document-retrieval-system/app/main.py:24]
